build/app/intermediates/manifest_merge_blame_file/release/processReleaseMainManifest/manifest-merger-blame-release-report.txt
1<?xml version="1.0" encoding="utf-8"?>
2<manifest xmlns:android="http://schemas.android.com/apk/res/android"
3    package="com.fayez.mobile"
4    android:versionCode="51"
5    android:versionName="1.0.0" >
6
7    <uses-sdk
8        android:minSdkVersion="23"
9        android:targetSdkVersion="35" />
10
11    <!-- Required Permissions -->
12    <uses-permission android:name="android.permission.INTERNET" />
12-->src\main\AndroidManifest.xml:6:5-66
12-->src\main\AndroidManifest.xml:6:22-64
13    <uses-permission android:name="android.permission.ACCESS_NETWORK_STATE" />
13-->src\main\AndroidManifest.xml:7:5-78
13-->src\main\AndroidManifest.xml:7:22-76
14    <uses-permission android:name="android.permission.RECEIVE_BOOT_COMPLETED" />
14-->src\main\AndroidManifest.xml:8:5-80
14-->src\main\AndroidManifest.xml:8:22-78
15    <uses-permission android:name="android.permission.VIBRATE" />
15-->src\main\AndroidManifest.xml:9:5-65
15-->src\main\AndroidManifest.xml:9:22-63
16    <uses-permission android:name="android.permission.WAKE_LOCK" />
16-->src\main\AndroidManifest.xml:10:5-67
16-->src\main\AndroidManifest.xml:10:22-65
17
18    <!-- Queries for Intent -->
19    <queries>
19-->src\main\AndroidManifest.xml:68:5-73:15
20        <intent>
20-->src\main\AndroidManifest.xml:69:9-72:18
21            <action android:name="android.intent.action.PROCESS_TEXT" />
21-->src\main\AndroidManifest.xml:70:13-72
21-->src\main\AndroidManifest.xml:70:21-70
22
23            <data android:mimeType="text/plain" />
23-->src\main\AndroidManifest.xml:71:13-50
23-->src\main\AndroidManifest.xml:71:19-48
24        </intent>
25        <intent>
25-->[:flutter_inappwebview_android] AndroidManifest.xml:8:9-10:18
26            <action android:name="android.support.customtabs.action.CustomTabsService" />
26-->[:flutter_inappwebview_android] AndroidManifest.xml:9:13-90
26-->[:flutter_inappwebview_android] AndroidManifest.xml:9:21-87
27        </intent>
28    </queries>
29
30    <uses-permission android:name="android.permission.POST_NOTIFICATIONS" /> <!-- Required by older versions of Google Play services to create IID tokens -->
30-->[:flutter_local_notifications] AndroidManifest.xml:8:5-77
30-->[:flutter_local_notifications] AndroidManifest.xml:8:22-74
31    <uses-permission android:name="com.google.android.c2dm.permission.RECEIVE" />
31-->[com.google.firebase:firebase-messaging:24.1.0] AndroidManifest.xml:26:5-82
31-->[com.google.firebase:firebase-messaging:24.1.0] AndroidManifest.xml:26:22-79
32
33    <permission
33-->[androidx.core:core:1.13.1] AndroidManifest.xml:22:5-24:47
34        android:name="com.fayez.mobile.DYNAMIC_RECEIVER_NOT_EXPORTED_PERMISSION"
34-->[androidx.core:core:1.13.1] AndroidManifest.xml:23:9-81
35        android:protectionLevel="signature" />
35-->[androidx.core:core:1.13.1] AndroidManifest.xml:24:9-44
36
37    <uses-permission android:name="com.fayez.mobile.DYNAMIC_RECEIVER_NOT_EXPORTED_PERMISSION" />
37-->[androidx.core:core:1.13.1] AndroidManifest.xml:26:5-97
37-->[androidx.core:core:1.13.1] AndroidManifest.xml:26:22-94
38
39    <application
40        android:name="android.app.Application"
40-->src\main\AndroidManifest.xml:14:9-42
41        android:appComponentFactory="androidx.core.app.CoreComponentFactory"
41-->[androidx.core:core:1.13.1] AndroidManifest.xml:28:18-86
42        android:extractNativeLibs="false"
43        android:icon="@mipmap/ic_launcher"
43-->src\main\AndroidManifest.xml:15:9-43
44        android:label="jifirephone" >
44-->src\main\AndroidManifest.xml:13:9-36
45
46        <!-- Main Activity -->
47        <activity
47-->src\main\AndroidManifest.xml:18:9-33:20
48            android:name="com.fayez.mobile.MainActivity"
48-->src\main\AndroidManifest.xml:19:13-41
49            android:configChanges="orientation|keyboardHidden|keyboard|screenSize|smallestScreenSize|locale|layoutDirection|fontScale|screenLayout|density|uiMode"
49-->src\main\AndroidManifest.xml:23:13-163
50            android:exported="true"
50-->src\main\AndroidManifest.xml:20:13-36
51            android:hardwareAccelerated="true"
51-->src\main\AndroidManifest.xml:24:13-47
52            android:launchMode="singleTop"
52-->src\main\AndroidManifest.xml:21:13-43
53            android:theme="@style/LaunchTheme"
53-->src\main\AndroidManifest.xml:22:13-47
54            android:windowSoftInputMode="adjustResize" >
54-->src\main\AndroidManifest.xml:25:13-55
55            <meta-data
55-->src\main\AndroidManifest.xml:26:13-28:56
56                android:name="io.flutter.embedding.android.NormalTheme"
56-->src\main\AndroidManifest.xml:27:17-72
57                android:resource="@style/NormalTheme" />
57-->src\main\AndroidManifest.xml:28:17-54
58
59            <intent-filter>
59-->src\main\AndroidManifest.xml:29:13-32:29
60                <action android:name="android.intent.action.MAIN" />
60-->src\main\AndroidManifest.xml:30:17-68
60-->src\main\AndroidManifest.xml:30:25-66
61
62                <category android:name="android.intent.category.LAUNCHER" />
62-->src\main\AndroidManifest.xml:31:17-76
62-->src\main\AndroidManifest.xml:31:27-74
63            </intent-filter>
64        </activity>
65
66        <!-- Firebase Messaging Service -->
67        <service
67-->src\main\AndroidManifest.xml:36:9-43:19
68            android:name="com.google.firebase.messaging.FirebaseMessagingService"
68-->src\main\AndroidManifest.xml:37:13-82
69            android:directBootAware="true"
69-->[com.google.firebase:firebase-messaging:24.1.0] AndroidManifest.xml:48:13-43
70            android:exported="true" >
70-->src\main\AndroidManifest.xml:38:13-36
71            <intent-filter>
71-->src\main\AndroidManifest.xml:40:13-42:29
72                <action android:name="com.google.firebase.MESSAGING_EVENT" />
72-->src\main\AndroidManifest.xml:41:17-78
72-->src\main\AndroidManifest.xml:41:25-75
73            </intent-filter>
74            <intent-filter android:priority="-500" >
74-->src\main\AndroidManifest.xml:40:13-42:29
75                <action android:name="com.google.firebase.MESSAGING_EVENT" />
75-->src\main\AndroidManifest.xml:41:17-78
75-->src\main\AndroidManifest.xml:41:25-75
76            </intent-filter>
77        </service>
78
79        <!-- Firebase Instance ID Receiver -->
80        <receiver
80-->src\main\AndroidManifest.xml:46:9-54:20
81            android:name="com.google.firebase.iid.FirebaseInstanceIdReceiver"
81-->src\main\AndroidManifest.xml:47:13-78
82            android:exported="true"
82-->src\main\AndroidManifest.xml:48:13-36
83            android:permission="com.google.android.c2dm.permission.SEND" >
83-->src\main\AndroidManifest.xml:49:13-73
84            <intent-filter>
84-->src\main\AndroidManifest.xml:50:13-53:29
85                <action android:name="com.google.android.c2dm.intent.RECEIVE" />
85-->src\main\AndroidManifest.xml:51:17-81
85-->src\main\AndroidManifest.xml:51:25-78
86
87                <category android:name="com.fayez.mobile" />
87-->src\main\AndroidManifest.xml:52:27-58
88            </intent-filter>
89            <intent-filter>
89-->[:firebase_messaging] AndroidManifest.xml:30:13-32:29
90                <action android:name="com.google.android.c2dm.intent.RECEIVE" />
90-->src\main\AndroidManifest.xml:51:17-81
90-->src\main\AndroidManifest.xml:51:25-78
91            </intent-filter>
92
93            <meta-data
93-->[com.google.firebase:firebase-messaging:24.1.0] AndroidManifest.xml:37:13-39:40
94                android:name="com.google.android.gms.cloudmessaging.FINISHED_AFTER_HANDLED"
94-->[com.google.firebase:firebase-messaging:24.1.0] AndroidManifest.xml:38:17-92
95                android:value="true" />
95-->[com.google.firebase:firebase-messaging:24.1.0] AndroidManifest.xml:39:17-37
96        </receiver>
97
98        <!-- Required for Awesome Notifications -->
99        <receiver android:name="me.carda.awesome_notifications.notifications.receivers.DismissedReceiver" />
99-->src\main\AndroidManifest.xml:57:9-109
99-->src\main\AndroidManifest.xml:57:19-106
100        <receiver android:name="me.carda.awesome_notifications.notifications.receivers.ActionReceiver" />
100-->src\main\AndroidManifest.xml:58:9-106
100-->src\main\AndroidManifest.xml:58:19-103
101
102        <!-- Flutter Plugin Metadata -->
103        <meta-data
103-->src\main\AndroidManifest.xml:61:9-63:33
104            android:name="flutterEmbedding"
104-->src\main\AndroidManifest.xml:62:13-44
105            android:value="2" />
105-->src\main\AndroidManifest.xml:63:13-30
106
107        <activity
107-->[:flutter_inappwebview_android] AndroidManifest.xml:14:9-18:47
108            android:name="com.pichillilorenzo.flutter_inappwebview_android.in_app_browser.InAppBrowserActivity"
108-->[:flutter_inappwebview_android] AndroidManifest.xml:15:13-112
109            android:configChanges="orientation|keyboardHidden|keyboard|screenSize|locale|layoutDirection|fontScale|screenLayout|density"
109-->[:flutter_inappwebview_android] AndroidManifest.xml:16:13-137
110            android:exported="false"
110-->[:flutter_inappwebview_android] AndroidManifest.xml:17:13-37
111            android:theme="@style/AppTheme" />
111-->[:flutter_inappwebview_android] AndroidManifest.xml:18:13-44
112        <activity
112-->[:flutter_inappwebview_android] AndroidManifest.xml:19:9-22:55
113            android:name="com.pichillilorenzo.flutter_inappwebview_android.chrome_custom_tabs.ChromeCustomTabsActivity"
113-->[:flutter_inappwebview_android] AndroidManifest.xml:20:13-120
114            android:exported="false"
114-->[:flutter_inappwebview_android] AndroidManifest.xml:21:13-37
115            android:theme="@style/ThemeTransparent" />
115-->[:flutter_inappwebview_android] AndroidManifest.xml:22:13-52
116        <activity
116-->[:flutter_inappwebview_android] AndroidManifest.xml:23:9-26:55
117            android:name="com.pichillilorenzo.flutter_inappwebview_android.chrome_custom_tabs.TrustedWebActivity"
117-->[:flutter_inappwebview_android] AndroidManifest.xml:24:13-114
118            android:exported="false"
118-->[:flutter_inappwebview_android] AndroidManifest.xml:25:13-37
119            android:theme="@style/ThemeTransparent" />
119-->[:flutter_inappwebview_android] AndroidManifest.xml:26:13-52
120        <activity
120-->[:flutter_inappwebview_android] AndroidManifest.xml:27:9-31:55
121            android:name="com.pichillilorenzo.flutter_inappwebview_android.chrome_custom_tabs.ChromeCustomTabsActivitySingleInstance"
121-->[:flutter_inappwebview_android] AndroidManifest.xml:28:13-134
122            android:exported="false"
122-->[:flutter_inappwebview_android] AndroidManifest.xml:29:13-37
123            android:launchMode="singleInstance"
123-->[:flutter_inappwebview_android] AndroidManifest.xml:30:13-48
124            android:theme="@style/ThemeTransparent" />
124-->[:flutter_inappwebview_android] AndroidManifest.xml:31:13-52
125        <activity
125-->[:flutter_inappwebview_android] AndroidManifest.xml:32:9-36:55
126            android:name="com.pichillilorenzo.flutter_inappwebview_android.chrome_custom_tabs.TrustedWebActivitySingleInstance"
126-->[:flutter_inappwebview_android] AndroidManifest.xml:33:13-128
127            android:exported="false"
127-->[:flutter_inappwebview_android] AndroidManifest.xml:34:13-37
128            android:launchMode="singleInstance"
128-->[:flutter_inappwebview_android] AndroidManifest.xml:35:13-48
129            android:theme="@style/ThemeTransparent" />
129-->[:flutter_inappwebview_android] AndroidManifest.xml:36:13-52
130
131        <receiver
131-->[:flutter_inappwebview_android] AndroidManifest.xml:38:9-41:40
132            android:name="com.pichillilorenzo.flutter_inappwebview_android.chrome_custom_tabs.ActionBroadcastReceiver"
132-->[:flutter_inappwebview_android] AndroidManifest.xml:39:13-119
133            android:enabled="true"
133-->[:flutter_inappwebview_android] AndroidManifest.xml:40:13-35
134            android:exported="false" />
134-->[:flutter_inappwebview_android] AndroidManifest.xml:41:13-37
135
136        <meta-data
136-->[:flutter_inappwebview_android] AndroidManifest.xml:43:9-45:36
137            android:name="io.flutter.embedded_views_preview"
137-->[:flutter_inappwebview_android] AndroidManifest.xml:44:13-61
138            android:value="true" />
138-->[:flutter_inappwebview_android] AndroidManifest.xml:45:13-33
139
140        <activity
140-->[:url_launcher_android] AndroidManifest.xml:8:9-11:74
141            android:name="io.flutter.plugins.urllauncher.WebViewActivity"
141-->[:url_launcher_android] AndroidManifest.xml:9:13-74
142            android:exported="false"
142-->[:url_launcher_android] AndroidManifest.xml:10:13-37
143            android:theme="@android:style/Theme.NoTitleBar.Fullscreen" />
143-->[:url_launcher_android] AndroidManifest.xml:11:13-71
144
145        <service
145-->[:firebase_database] AndroidManifest.xml:8:9-12:19
146            android:name="com.google.firebase.components.ComponentDiscoveryService"
146-->[:firebase_database] AndroidManifest.xml:8:18-89
147            android:directBootAware="true"
147-->[com.google.firebase:firebase-common:21.0.0] AndroidManifest.xml:32:13-43
148            android:exported="false" >
148-->[com.google.firebase:firebase-messaging:24.1.0] AndroidManifest.xml:56:13-37
149            <meta-data
149-->[:firebase_database] AndroidManifest.xml:9:13-11:85
150                android:name="com.google.firebase.components:io.flutter.plugins.firebase.database.FlutterFirebaseAppRegistrar"
150-->[:firebase_database] AndroidManifest.xml:10:17-127
151                android:value="com.google.firebase.components.ComponentRegistrar" />
151-->[:firebase_database] AndroidManifest.xml:11:17-82
152            <meta-data
152-->[:firebase_messaging] AndroidManifest.xml:36:13-38:85
153                android:name="com.google.firebase.components:io.flutter.plugins.firebase.messaging.FlutterFirebaseAppRegistrar"
153-->[:firebase_messaging] AndroidManifest.xml:37:17-128
154                android:value="com.google.firebase.components.ComponentRegistrar" />
154-->[:firebase_messaging] AndroidManifest.xml:38:17-82
155            <meta-data
155-->[:firebase_remote_config] AndroidManifest.xml:9:13-11:85
156                android:name="com.google.firebase.components:io.flutter.plugins.firebase.firebaseremoteconfig.FlutterFirebaseAppRegistrar"
156-->[:firebase_remote_config] AndroidManifest.xml:10:17-139
157                android:value="com.google.firebase.components.ComponentRegistrar" />
157-->[:firebase_remote_config] AndroidManifest.xml:11:17-82
158            <meta-data
158-->[:firebase_core] AndroidManifest.xml:9:13-11:85
159                android:name="com.google.firebase.components:io.flutter.plugins.firebase.core.FlutterFirebaseCoreRegistrar"
159-->[:firebase_core] AndroidManifest.xml:10:17-124
160                android:value="com.google.firebase.components.ComponentRegistrar" />
160-->[:firebase_core] AndroidManifest.xml:11:17-82
161            <meta-data
161-->[com.google.firebase:firebase-messaging:24.1.0] AndroidManifest.xml:57:13-59:85
162                android:name="com.google.firebase.components:com.google.firebase.messaging.FirebaseMessagingKtxRegistrar"
162-->[com.google.firebase:firebase-messaging:24.1.0] AndroidManifest.xml:58:17-122
163                android:value="com.google.firebase.components.ComponentRegistrar" />
163-->[com.google.firebase:firebase-messaging:24.1.0] AndroidManifest.xml:59:17-82
164            <meta-data
164-->[com.google.firebase:firebase-messaging:24.1.0] AndroidManifest.xml:60:13-62:85
165                android:name="com.google.firebase.components:com.google.firebase.messaging.FirebaseMessagingRegistrar"
165-->[com.google.firebase:firebase-messaging:24.1.0] AndroidManifest.xml:61:17-119
166                android:value="com.google.firebase.components.ComponentRegistrar" />
166-->[com.google.firebase:firebase-messaging:24.1.0] AndroidManifest.xml:62:17-82
167            <meta-data
167-->[com.google.firebase:firebase-config:22.0.1] AndroidManifest.xml:29:13-31:85
168                android:name="com.google.firebase.components:com.google.firebase.remoteconfig.FirebaseRemoteConfigKtxRegistrar"
168-->[com.google.firebase:firebase-config:22.0.1] AndroidManifest.xml:30:17-128
169                android:value="com.google.firebase.components.ComponentRegistrar" />
169-->[com.google.firebase:firebase-config:22.0.1] AndroidManifest.xml:31:17-82
170            <meta-data
170-->[com.google.firebase:firebase-config:22.0.1] AndroidManifest.xml:32:13-34:85
171                android:name="com.google.firebase.components:com.google.firebase.remoteconfig.RemoteConfigRegistrar"
171-->[com.google.firebase:firebase-config:22.0.1] AndroidManifest.xml:33:17-117
172                android:value="com.google.firebase.components.ComponentRegistrar" />
172-->[com.google.firebase:firebase-config:22.0.1] AndroidManifest.xml:34:17-82
173            <meta-data
173-->[com.google.firebase:firebase-database:21.0.0] AndroidManifest.xml:29:13-31:85
174                android:name="com.google.firebase.components:com.google.firebase.database.FirebaseDatabaseKtxRegistrar"
174-->[com.google.firebase:firebase-database:21.0.0] AndroidManifest.xml:30:17-120
175                android:value="com.google.firebase.components.ComponentRegistrar" />
175-->[com.google.firebase:firebase-database:21.0.0] AndroidManifest.xml:31:17-82
176            <meta-data
176-->[com.google.firebase:firebase-database:21.0.0] AndroidManifest.xml:32:13-34:85
177                android:name="com.google.firebase.components:com.google.firebase.database.DatabaseRegistrar"
177-->[com.google.firebase:firebase-database:21.0.0] AndroidManifest.xml:33:17-109
178                android:value="com.google.firebase.components.ComponentRegistrar" />
178-->[com.google.firebase:firebase-database:21.0.0] AndroidManifest.xml:34:17-82
179            <meta-data
179-->[com.google.firebase:firebase-installations:18.0.0] AndroidManifest.xml:15:13-17:85
180                android:name="com.google.firebase.components:com.google.firebase.installations.FirebaseInstallationsKtxRegistrar"
180-->[com.google.firebase:firebase-installations:18.0.0] AndroidManifest.xml:16:17-130
181                android:value="com.google.firebase.components.ComponentRegistrar" />
181-->[com.google.firebase:firebase-installations:18.0.0] AndroidManifest.xml:17:17-82
182            <meta-data
182-->[com.google.firebase:firebase-installations:18.0.0] AndroidManifest.xml:18:13-20:85
183                android:name="com.google.firebase.components:com.google.firebase.installations.FirebaseInstallationsRegistrar"
183-->[com.google.firebase:firebase-installations:18.0.0] AndroidManifest.xml:19:17-127
184                android:value="com.google.firebase.components.ComponentRegistrar" />
184-->[com.google.firebase:firebase-installations:18.0.0] AndroidManifest.xml:20:17-82
185            <meta-data
185-->[com.google.firebase:firebase-common-ktx:21.0.0] AndroidManifest.xml:12:13-14:85
186                android:name="com.google.firebase.components:com.google.firebase.ktx.FirebaseCommonLegacyRegistrar"
186-->[com.google.firebase:firebase-common-ktx:21.0.0] AndroidManifest.xml:13:17-116
187                android:value="com.google.firebase.components.ComponentRegistrar" />
187-->[com.google.firebase:firebase-common-ktx:21.0.0] AndroidManifest.xml:14:17-82
188            <meta-data
188-->[com.google.firebase:firebase-common:21.0.0] AndroidManifest.xml:35:13-37:85
189                android:name="com.google.firebase.components:com.google.firebase.FirebaseCommonKtxRegistrar"
189-->[com.google.firebase:firebase-common:21.0.0] AndroidManifest.xml:36:17-109
190                android:value="com.google.firebase.components.ComponentRegistrar" />
190-->[com.google.firebase:firebase-common:21.0.0] AndroidManifest.xml:37:17-82
191            <meta-data
191-->[com.google.firebase:firebase-abt:21.1.1] AndroidManifest.xml:12:13-14:85
192                android:name="com.google.firebase.components:com.google.firebase.abt.component.AbtRegistrar"
192-->[com.google.firebase:firebase-abt:21.1.1] AndroidManifest.xml:13:17-109
193                android:value="com.google.firebase.components.ComponentRegistrar" />
193-->[com.google.firebase:firebase-abt:21.1.1] AndroidManifest.xml:14:17-82
194            <meta-data
194-->[com.google.firebase:firebase-datatransport:18.2.0] AndroidManifest.xml:25:13-27:85
195                android:name="com.google.firebase.components:com.google.firebase.datatransport.TransportRegistrar"
195-->[com.google.firebase:firebase-datatransport:18.2.0] AndroidManifest.xml:26:17-115
196                android:value="com.google.firebase.components.ComponentRegistrar" />
196-->[com.google.firebase:firebase-datatransport:18.2.0] AndroidManifest.xml:27:17-82
197        </service>
198        <service
198-->[:firebase_messaging] AndroidManifest.xml:14:9-17:72
199            android:name="io.flutter.plugins.firebase.messaging.FlutterFirebaseMessagingBackgroundService"
199-->[:firebase_messaging] AndroidManifest.xml:15:13-107
200            android:exported="false"
200-->[:firebase_messaging] AndroidManifest.xml:16:13-37
201            android:permission="android.permission.BIND_JOB_SERVICE" />
201-->[:firebase_messaging] AndroidManifest.xml:17:13-69
202        <service
202-->[:firebase_messaging] AndroidManifest.xml:18:9-24:19
203            android:name="io.flutter.plugins.firebase.messaging.FlutterFirebaseMessagingService"
203-->[:firebase_messaging] AndroidManifest.xml:19:13-97
204            android:exported="false" >
204-->[:firebase_messaging] AndroidManifest.xml:20:13-37
205            <intent-filter>
205-->src\main\AndroidManifest.xml:40:13-42:29
206                <action android:name="com.google.firebase.MESSAGING_EVENT" />
206-->src\main\AndroidManifest.xml:41:17-78
206-->src\main\AndroidManifest.xml:41:25-75
207            </intent-filter>
208        </service>
209
210        <receiver
210-->[:firebase_messaging] AndroidManifest.xml:26:9-33:20
211            android:name="io.flutter.plugins.firebase.messaging.FlutterFirebaseMessagingReceiver"
211-->[:firebase_messaging] AndroidManifest.xml:27:13-98
212            android:exported="true"
212-->[:firebase_messaging] AndroidManifest.xml:28:13-36
213            android:permission="com.google.android.c2dm.permission.SEND" >
213-->[:firebase_messaging] AndroidManifest.xml:29:13-73
214            <intent-filter>
214-->[:firebase_messaging] AndroidManifest.xml:30:13-32:29
215                <action android:name="com.google.android.c2dm.intent.RECEIVE" />
215-->src\main\AndroidManifest.xml:51:17-81
215-->src\main\AndroidManifest.xml:51:25-78
216            </intent-filter>
217        </receiver>
218
219        <provider
219-->[:firebase_messaging] AndroidManifest.xml:41:9-45:38
220            android:name="io.flutter.plugins.firebase.messaging.FlutterFirebaseMessagingInitProvider"
220-->[:firebase_messaging] AndroidManifest.xml:42:13-102
221            android:authorities="com.fayez.mobile.flutterfirebasemessaginginitprovider"
221-->[:firebase_messaging] AndroidManifest.xml:43:13-88
222            android:exported="false"
222-->[:firebase_messaging] AndroidManifest.xml:44:13-37
223            android:initOrder="99" />
223-->[:firebase_messaging] AndroidManifest.xml:45:13-35
224
225        <uses-library
225-->[androidx.window:window:1.2.0] AndroidManifest.xml:23:9-25:40
226            android:name="androidx.window.extensions"
226-->[androidx.window:window:1.2.0] AndroidManifest.xml:24:13-54
227            android:required="false" />
227-->[androidx.window:window:1.2.0] AndroidManifest.xml:25:13-37
228        <uses-library
228-->[androidx.window:window:1.2.0] AndroidManifest.xml:26:9-28:40
229            android:name="androidx.window.sidecar"
229-->[androidx.window:window:1.2.0] AndroidManifest.xml:27:13-51
230            android:required="false" />
230-->[androidx.window:window:1.2.0] AndroidManifest.xml:28:13-37
231
232        <provider
232-->[androidx.emoji2:emoji2:1.2.0] AndroidManifest.xml:24:9-32:20
233            android:name="androidx.startup.InitializationProvider"
233-->[androidx.emoji2:emoji2:1.2.0] AndroidManifest.xml:25:13-67
234            android:authorities="com.fayez.mobile.androidx-startup"
234-->[androidx.emoji2:emoji2:1.2.0] AndroidManifest.xml:26:13-68
235            android:exported="false" >
235-->[androidx.emoji2:emoji2:1.2.0] AndroidManifest.xml:27:13-37
236            <meta-data
236-->[androidx.emoji2:emoji2:1.2.0] AndroidManifest.xml:29:13-31:52
237                android:name="androidx.emoji2.text.EmojiCompatInitializer"
237-->[androidx.emoji2:emoji2:1.2.0] AndroidManifest.xml:30:17-75
238                android:value="androidx.startup" />
238-->[androidx.emoji2:emoji2:1.2.0] AndroidManifest.xml:31:17-49
239            <meta-data
239-->[androidx.lifecycle:lifecycle-process:2.7.0] AndroidManifest.xml:29:13-31:52
240                android:name="androidx.lifecycle.ProcessLifecycleInitializer"
240-->[androidx.lifecycle:lifecycle-process:2.7.0] AndroidManifest.xml:30:17-78
241                android:value="androidx.startup" />
241-->[androidx.lifecycle:lifecycle-process:2.7.0] AndroidManifest.xml:31:17-49
242            <meta-data
242-->[androidx.profileinstaller:profileinstaller:1.3.1] AndroidManifest.xml:29:13-31:52
243                android:name="androidx.profileinstaller.ProfileInstallerInitializer"
243-->[androidx.profileinstaller:profileinstaller:1.3.1] AndroidManifest.xml:30:17-85
244                android:value="androidx.startup" />
244-->[androidx.profileinstaller:profileinstaller:1.3.1] AndroidManifest.xml:31:17-49
245        </provider>
246        <provider
246-->[com.google.firebase:firebase-common:21.0.0] AndroidManifest.xml:23:9-28:39
247            android:name="com.google.firebase.provider.FirebaseInitProvider"
247-->[com.google.firebase:firebase-common:21.0.0] AndroidManifest.xml:24:13-77
248            android:authorities="com.fayez.mobile.firebaseinitprovider"
248-->[com.google.firebase:firebase-common:21.0.0] AndroidManifest.xml:25:13-72
249            android:directBootAware="true"
249-->[com.google.firebase:firebase-common:21.0.0] AndroidManifest.xml:26:13-43
250            android:exported="false"
250-->[com.google.firebase:firebase-common:21.0.0] AndroidManifest.xml:27:13-37
251            android:initOrder="100" />
251-->[com.google.firebase:firebase-common:21.0.0] AndroidManifest.xml:28:13-36
252
253        <activity
253-->[com.google.android.gms:play-services-base:18.1.0] AndroidManifest.xml:20:9-22:45
254            android:name="com.google.android.gms.common.api.GoogleApiActivity"
254-->[com.google.android.gms:play-services-base:18.1.0] AndroidManifest.xml:20:19-85
255            android:exported="false"
255-->[com.google.android.gms:play-services-base:18.1.0] AndroidManifest.xml:22:19-43
256            android:theme="@android:style/Theme.Translucent.NoTitleBar" />
256-->[com.google.android.gms:play-services-base:18.1.0] AndroidManifest.xml:21:19-78
257
258        <meta-data
258-->[com.google.android.gms:play-services-basement:18.3.0] AndroidManifest.xml:21:9-23:69
259            android:name="com.google.android.gms.version"
259-->[com.google.android.gms:play-services-basement:18.3.0] AndroidManifest.xml:22:13-58
260            android:value="@integer/google_play_services_version" />
260-->[com.google.android.gms:play-services-basement:18.3.0] AndroidManifest.xml:23:13-66
261
262        <receiver
262-->[androidx.profileinstaller:profileinstaller:1.3.1] AndroidManifest.xml:34:9-52:20
263            android:name="androidx.profileinstaller.ProfileInstallReceiver"
263-->[androidx.profileinstaller:profileinstaller:1.3.1] AndroidManifest.xml:35:13-76
264            android:directBootAware="false"
264-->[androidx.profileinstaller:profileinstaller:1.3.1] AndroidManifest.xml:36:13-44
265            android:enabled="true"
265-->[androidx.profileinstaller:profileinstaller:1.3.1] AndroidManifest.xml:37:13-35
266            android:exported="true"
266-->[androidx.profileinstaller:profileinstaller:1.3.1] AndroidManifest.xml:38:13-36
267            android:permission="android.permission.DUMP" >
267-->[androidx.profileinstaller:profileinstaller:1.3.1] AndroidManifest.xml:39:13-57
268            <intent-filter>
268-->[androidx.profileinstaller:profileinstaller:1.3.1] AndroidManifest.xml:40:13-42:29
269                <action android:name="androidx.profileinstaller.action.INSTALL_PROFILE" />
269-->[androidx.profileinstaller:profileinstaller:1.3.1] AndroidManifest.xml:41:17-91
269-->[androidx.profileinstaller:profileinstaller:1.3.1] AndroidManifest.xml:41:25-88
270            </intent-filter>
271            <intent-filter>
271-->[androidx.profileinstaller:profileinstaller:1.3.1] AndroidManifest.xml:43:13-45:29
272                <action android:name="androidx.profileinstaller.action.SKIP_FILE" />
272-->[androidx.profileinstaller:profileinstaller:1.3.1] AndroidManifest.xml:44:17-85
272-->[androidx.profileinstaller:profileinstaller:1.3.1] AndroidManifest.xml:44:25-82
273            </intent-filter>
274            <intent-filter>
274-->[androidx.profileinstaller:profileinstaller:1.3.1] AndroidManifest.xml:46:13-48:29
275                <action android:name="androidx.profileinstaller.action.SAVE_PROFILE" />
275-->[androidx.profileinstaller:profileinstaller:1.3.1] AndroidManifest.xml:47:17-88
275-->[androidx.profileinstaller:profileinstaller:1.3.1] AndroidManifest.xml:47:25-85
276            </intent-filter>
277            <intent-filter>
277-->[androidx.profileinstaller:profileinstaller:1.3.1] AndroidManifest.xml:49:13-51:29
278                <action android:name="androidx.profileinstaller.action.BENCHMARK_OPERATION" />
278-->[androidx.profileinstaller:profileinstaller:1.3.1] AndroidManifest.xml:50:17-95
278-->[androidx.profileinstaller:profileinstaller:1.3.1] AndroidManifest.xml:50:25-92
279            </intent-filter>
280        </receiver>
281
282        <service